<?xml version="1.0" encoding="UTF-8"?>
<!-- Generated by org.testng.reporters.JUnitReportReporter -->
<testsuite hostname="Luckys-Laptop.local" failures="0" tests="4" name="api.test.UserTests2" time="8.296" errors="0" timestamp="2024-06-19T11:07:20 IST" skipped="0">
  <testcase classname="api.test.UserTests2" name="testPostUser" time="2.311"/>
  <testcase classname="api.test.UserTests2" name="testGetUserByName" time="1.489"/>
  <testcase classname="api.test.UserTests2" name="testUpdateUserByName" time="2.975"/>
  <testcase classname="api.test.UserTests2" name="testDeleteUsrByName" time="1.521"/>
</testsuite> <!-- api.test.UserTests2 -->
