<?xml version="1.0" encoding="UTF-8"?>
<!-- Generated by org.testng.reporters.JUnitReportReporter -->
<testsuite hostname="Luckys-Laptop.local" failures="0" tests="4" name="api.test.UserTests" time="8.360" errors="0" timestamp="2024-06-19T10:46:14 IST" skipped="0">
  <testcase classname="api.test.UserTests" name="testPostUser" time="2.366"/>
  <testcase classname="api.test.UserTests" name="testGetUserByName" time="1.494"/>
  <testcase classname="api.test.UserTests" name="testUpdateUserByName" time="2.968"/>
  <testcase classname="api.test.UserTests" name="testDeleteUsrByName" time="1.532"/>
</testsuite> <!-- api.test.UserTests -->
