<?xml version="1.0" encoding="UTF-8"?>
<!-- Generated by org.testng.reporters.JUnitReportReporter -->
<testsuite hostname="Luckys-Laptop.local" failures="0" tests="6" name="api.test.DataDrivenTests" time="10.015" errors="0" timestamp="2024-06-18T19:13:28 IST" skipped="0">
  <testcase classname="api.test.DataDrivenTests" name="testPostUser" time="1.534"/>
  <testcase classname="api.test.DataDrivenTests" name="testPostUser" time="2.413"/>
  <testcase classname="api.test.DataDrivenTests" name="testPostUser" time="1.505"/>
  <testcase classname="api.test.DataDrivenTests" name="testDeletUserByUserName" time="1.533"/>
  <testcase classname="api.test.DataDrivenTests" name="testDeletUserByUserName" time="1.533"/>
  <testcase classname="api.test.DataDrivenTests" name="testDeletUserByUserName" time="1.497"/>
</testsuite> <!-- api.test.DataDrivenTests -->
