<?xml version="1.0" encoding="UTF-8"?>
<!-- Generated by org.testng.reporters.JUnitReportReporter -->
<testsuite hostname="Luckys-Laptop.local" failures="0" tests="4" name="api.test.UserTests" time="8.579" errors="0" timestamp="2024-06-19T11:29:25 IST" skipped="0">
  <testcase classname="api.test.UserTests" name="testPostUser" time="2.377"/>
  <testcase classname="api.test.UserTests" name="testGetUserByName" time="1.600"/>
  <testcase classname="api.test.UserTests" name="testUpdateUserByName" time="3.070"/>
  <testcase classname="api.test.UserTests" name="testDeleteUsrByName" time="1.532"/>
</testsuite> <!-- api.test.UserTests -->
