<?xml version="1.0" encoding="UTF-8"?>
<!-- Generated by org.testng.reporters.JUnitReportReporter -->
<testsuite hostname="Luckys-Laptop.local" failures="0" tests="6" name="api.test.DataDrivenTests" time="8.734" errors="0" timestamp="2024-06-19T11:23:56 IST" skipped="0">
  <testcase classname="api.test.DataDrivenTests" name="testPostUser" time="1.551"/>
  <testcase classname="api.test.DataDrivenTests" name="testPostUser" time="1.534"/>
  <testcase classname="api.test.DataDrivenTests" name="testPostUser" time="1.531"/>
  <testcase classname="api.test.DataDrivenTests" name="testDeletUserByUserName" time="1.319"/>
  <testcase classname="api.test.DataDrivenTests" name="testDeletUserByUserName" time="1.354"/>
  <testcase classname="api.test.DataDrivenTests" name="testDeletUserByUserName" time="1.445"/>
</testsuite> <!-- api.test.DataDrivenTests -->
